INFO:root:('Data processor started: ', time.struct_time(tm_year=2020, tm_mon=4, tm_mday=29, tm_hour=16, tm_min=40, tm_sec=33, tm_wday=2, tm_yday=120, tm_isdst=1))
INFO:root:('Train corpus: ', time.struct_time(tm_year=2020, tm_mon=4, tm_mday=29, tm_hour=16, tm_min=40, tm_sec=34, tm_wday=2, tm_yday=120, tm_isdst=1))
INFO:root:train_corpus size: 299966
INFO:root:Train corpus ended: time.struct_time(tm_year=2020, tm_mon=4, tm_mday=29, tm_hour=16, tm_min=40, tm_sec=34, tm_wday=2, tm_yday=120, tm_isdst=1)
INFO:root:('Train corpus', ' executed for 00:00:00.01')
INFO:root:('Train corpus: ', time.struct_time(tm_year=2020, tm_mon=4, tm_mday=29, tm_hour=16, tm_min=40, tm_sec=34, tm_wday=2, tm_yday=120, tm_isdst=1))
INFO:root:Train corpus ended: time.struct_time(tm_year=2020, tm_mon=4, tm_mday=29, tm_hour=16, tm_min=40, tm_sec=34, tm_wday=2, tm_yday=120, tm_isdst=1)
INFO:root:('Train corpus', ' executed for 00:00:00.01')
INFO:root:('Test corpus: ', time.struct_time(tm_year=2020, tm_mon=4, tm_mday=29, tm_hour=16, tm_min=40, tm_sec=34, tm_wday=2, tm_yday=120, tm_isdst=1))
INFO:root:Test corpus ended: time.struct_time(tm_year=2020, tm_mon=4, tm_mday=29, tm_hour=16, tm_min=40, tm_sec=34, tm_wday=2, tm_yday=120, tm_isdst=1)
INFO:root:('Test corpus', ' executed for 00:00:00.00')
INFO:root:('Val corpus: ', time.struct_time(tm_year=2020, tm_mon=4, tm_mday=29, tm_hour=16, tm_min=40, tm_sec=34, tm_wday=2, tm_yday=120, tm_isdst=1))
INFO:root:Val corpus ended: time.struct_time(tm_year=2020, tm_mon=4, tm_mday=29, tm_hour=16, tm_min=40, tm_sec=34, tm_wday=2, tm_yday=120, tm_isdst=1)
INFO:root:('Val corpus', ' executed for 00:00:00.00')
INFO:root:('Doc2Vec: ', time.struct_time(tm_year=2020, tm_mon=4, tm_mday=29, tm_hour=16, tm_min=40, tm_sec=34, tm_wday=2, tm_yday=120, tm_isdst=1))
INFO:gensim.models.doc2vec:collecting all words and their counts
INFO:gensim.models.doc2vec:PROGRESS: at example #0, processed 0 words (0/s), 0 word types, 0 tags
INFO:gensim.models.doc2vec:PROGRESS: at example #10000, processed 30718 words (136604/s), 7575 word types, 10000 tags
INFO:gensim.models.doc2vec:PROGRESS: at example #20000, processed 61477 words (138020/s), 11730 word types, 20000 tags
INFO:gensim.models.doc2vec:PROGRESS: at example #30000, processed 92203 words (138986/s), 14102 word types, 30000 tags
INFO:gensim.models.doc2vec:PROGRESS: at example #40000, processed 122969 words (139536/s), 15334 word types, 40000 tags
INFO:gensim.models.doc2vec:PROGRESS: at example #50000, processed 153736 words (131696/s), 16004 word types, 50000 tags
INFO:gensim.models.doc2vec:PROGRESS: at example #60000, processed 184533 words (139891/s), 16405 word types, 60000 tags
INFO:gensim.models.doc2vec:PROGRESS: at example #70000, processed 215251 words (139493/s), 16601 word types, 70000 tags
INFO:gensim.models.doc2vec:PROGRESS: at example #80000, processed 246018 words (137962/s), 16720 word types, 80000 tags
INFO:gensim.models.doc2vec:PROGRESS: at example #90000, processed 276777 words (137077/s), 16787 word types, 90000 tags
INFO:gensim.models.doc2vec:PROGRESS: at example #100000, processed 307563 words (137653/s), 16817 word types, 100000 tags
INFO:gensim.models.doc2vec:PROGRESS: at example #110000, processed 338310 words (138066/s), 16840 word types, 110000 tags
INFO:gensim.models.doc2vec:PROGRESS: at example #120000, processed 369069 words (138886/s), 16843 word types, 120000 tags
INFO:gensim.models.doc2vec:PROGRESS: at example #130000, processed 399802 words (137929/s), 16847 word types, 130000 tags
INFO:gensim.models.doc2vec:PROGRESS: at example #140000, processed 430501 words (138509/s), 16848 word types, 140000 tags
INFO:gensim.models.doc2vec:PROGRESS: at example #150000, processed 461198 words (137594/s), 16853 word types, 150000 tags
INFO:gensim.models.doc2vec:PROGRESS: at example #160000, processed 491927 words (138833/s), 16857 word types, 160000 tags
INFO:gensim.models.doc2vec:PROGRESS: at example #170000, processed 522645 words (129958/s), 16858 word types, 170000 tags
INFO:gensim.models.doc2vec:PROGRESS: at example #180000, processed 553442 words (138874/s), 16861 word types, 180000 tags
INFO:gensim.models.doc2vec:PROGRESS: at example #190000, processed 584176 words (136854/s), 16861 word types, 190000 tags
INFO:gensim.models.doc2vec:PROGRESS: at example #200000, processed 614924 words (138360/s), 16864 word types, 200000 tags
INFO:gensim.models.doc2vec:PROGRESS: at example #210000, processed 645652 words (139267/s), 16866 word types, 210000 tags
INFO:gensim.models.doc2vec:PROGRESS: at example #220000, processed 676425 words (137933/s), 16866 word types, 220000 tags
INFO:gensim.models.doc2vec:PROGRESS: at example #230000, processed 707180 words (139106/s), 16866 word types, 230000 tags
INFO:gensim.models.doc2vec:PROGRESS: at example #240000, processed 737938 words (139026/s), 16866 word types, 240000 tags
INFO:gensim.models.doc2vec:PROGRESS: at example #250000, processed 768713 words (139060/s), 16869 word types, 250000 tags
INFO:gensim.models.doc2vec:PROGRESS: at example #260000, processed 799427 words (138638/s), 16870 word types, 260000 tags
INFO:gensim.models.doc2vec:PROGRESS: at example #270000, processed 830157 words (138801/s), 16870 word types, 270000 tags
INFO:gensim.models.doc2vec:PROGRESS: at example #280000, processed 860929 words (139248/s), 16870 word types, 280000 tags
INFO:gensim.models.doc2vec:PROGRESS: at example #290000, processed 891676 words (139654/s), 16871 word types, 290000 tags
INFO:gensim.models.doc2vec:collected 16871 word types and 299966 unique tags from a corpus of 299966 examples and 922289 words
INFO:gensim.models.word2vec:Loading a fresh vocabulary
INFO:gensim.models.word2vec:effective_min_count=2 retains 16847 unique words (99% of original 16871, drops 24)
INFO:gensim.models.word2vec:effective_min_count=2 leaves 922265 word corpus (99% of original 922289, drops 24)
INFO:gensim.models.word2vec:deleting the raw counts dictionary of 16871 items
INFO:gensim.models.word2vec:sample=0.001 downsamples 29 most-common words
INFO:gensim.models.word2vec:downsampling leaves estimated 441289 word corpus (47.8% of prior 922265)
INFO:gensim.models.base_any2vec:estimated required memory for 16847 words and 300 dimensions: 408815500 bytes
INFO:gensim.models.word2vec:resetting layer weights
INFO:gensim.models.base_any2vec:training model with 3 workers on 16847 vocabulary and 300 features, using sg=0 hs=0 sample=0.001 negative=5 window=5
WARNING:gensim.models.base_any2vec:train() called with an empty iterator (if not intended, be sure to provide a corpus that offers restartable iteration = an iterable).
DEBUG:gensim.models.base_any2vec:job loop exiting, total 0 jobs
DEBUG:gensim.models.base_any2vec:worker exiting, processed 0 jobs
DEBUG:gensim.models.base_any2vec:worker exiting, processed 0 jobs
INFO:gensim.models.base_any2vec:worker thread finished; awaiting finish of 2 more threads
DEBUG:gensim.models.base_any2vec:worker exiting, processed 0 jobs
INFO:gensim.models.base_any2vec:worker thread finished; awaiting finish of 1 more threads
INFO:gensim.models.base_any2vec:worker thread finished; awaiting finish of 0 more threads
INFO:gensim.models.base_any2vec:EPOCH - 1 : training on 0 raw words (0 effective words) took 0.0s, 0 effective words/s
WARNING:gensim.models.base_any2vec:EPOCH - 1 : supplied example count (0) did not equal expected count (299966)
WARNING:gensim.models.base_any2vec:train() called with an empty iterator (if not intended, be sure to provide a corpus that offers restartable iteration = an iterable).
DEBUG:gensim.models.base_any2vec:job loop exiting, total 0 jobs
DEBUG:gensim.models.base_any2vec:worker exiting, processed 0 jobs
DEBUG:gensim.models.base_any2vec:worker exiting, processed 0 jobs
DEBUG:gensim.models.base_any2vec:worker exiting, processed 0 jobs
INFO:gensim.models.base_any2vec:worker thread finished; awaiting finish of 2 more threads
INFO:gensim.models.base_any2vec:worker thread finished; awaiting finish of 1 more threads
INFO:gensim.models.base_any2vec:worker thread finished; awaiting finish of 0 more threads
INFO:gensim.models.base_any2vec:EPOCH - 2 : training on 0 raw words (0 effective words) took 0.0s, 0 effective words/s
WARNING:gensim.models.base_any2vec:EPOCH - 2 : supplied example count (0) did not equal expected count (299966)
WARNING:gensim.models.base_any2vec:train() called with an empty iterator (if not intended, be sure to provide a corpus that offers restartable iteration = an iterable).
DEBUG:gensim.models.base_any2vec:job loop exiting, total 0 jobs
DEBUG:gensim.models.base_any2vec:worker exiting, processed 0 jobs
DEBUG:gensim.models.base_any2vec:worker exiting, processed 0 jobs
DEBUG:gensim.models.base_any2vec:worker exiting, processed 0 jobs
INFO:gensim.models.base_any2vec:worker thread finished; awaiting finish of 2 more threads
INFO:gensim.models.base_any2vec:worker thread finished; awaiting finish of 1 more threads
INFO:gensim.models.base_any2vec:worker thread finished; awaiting finish of 0 more threads
INFO:gensim.models.base_any2vec:EPOCH - 3 : training on 0 raw words (0 effective words) took 0.0s, 0 effective words/s
WARNING:gensim.models.base_any2vec:EPOCH - 3 : supplied example count (0) did not equal expected count (299966)
WARNING:gensim.models.base_any2vec:train() called with an empty iterator (if not intended, be sure to provide a corpus that offers restartable iteration = an iterable).
DEBUG:gensim.models.base_any2vec:job loop exiting, total 0 jobs
DEBUG:gensim.models.base_any2vec:worker exiting, processed 0 jobs
DEBUG:gensim.models.base_any2vec:worker exiting, processed 0 jobs
DEBUG:gensim.models.base_any2vec:worker exiting, processed 0 jobs
INFO:gensim.models.base_any2vec:worker thread finished; awaiting finish of 2 more threads
INFO:gensim.models.base_any2vec:worker thread finished; awaiting finish of 1 more threads
INFO:gensim.models.base_any2vec:worker thread finished; awaiting finish of 0 more threads
INFO:gensim.models.base_any2vec:EPOCH - 4 : training on 0 raw words (0 effective words) took 0.0s, 0 effective words/s
WARNING:gensim.models.base_any2vec:EPOCH - 4 : supplied example count (0) did not equal expected count (299966)
WARNING:gensim.models.base_any2vec:train() called with an empty iterator (if not intended, be sure to provide a corpus that offers restartable iteration = an iterable).
DEBUG:gensim.models.base_any2vec:job loop exiting, total 0 jobs
DEBUG:gensim.models.base_any2vec:worker exiting, processed 0 jobs
DEBUG:gensim.models.base_any2vec:worker exiting, processed 0 jobs
DEBUG:gensim.models.base_any2vec:worker exiting, processed 0 jobs
INFO:gensim.models.base_any2vec:worker thread finished; awaiting finish of 2 more threads
INFO:gensim.models.base_any2vec:worker thread finished; awaiting finish of 1 more threads
INFO:gensim.models.base_any2vec:worker thread finished; awaiting finish of 0 more threads
INFO:gensim.models.base_any2vec:EPOCH - 5 : training on 0 raw words (0 effective words) took 0.0s, 0 effective words/s
WARNING:gensim.models.base_any2vec:EPOCH - 5 : supplied example count (0) did not equal expected count (299966)
WARNING:gensim.models.base_any2vec:train() called with an empty iterator (if not intended, be sure to provide a corpus that offers restartable iteration = an iterable).
DEBUG:gensim.models.base_any2vec:job loop exiting, total 0 jobs
DEBUG:gensim.models.base_any2vec:worker exiting, processed 0 jobs
DEBUG:gensim.models.base_any2vec:worker exiting, processed 0 jobs
DEBUG:gensim.models.base_any2vec:worker exiting, processed 0 jobs
INFO:gensim.models.base_any2vec:worker thread finished; awaiting finish of 2 more threads
INFO:gensim.models.base_any2vec:worker thread finished; awaiting finish of 1 more threads
INFO:gensim.models.base_any2vec:worker thread finished; awaiting finish of 0 more threads
INFO:gensim.models.base_any2vec:EPOCH - 6 : training on 0 raw words (0 effective words) took 0.0s, 0 effective words/s
WARNING:gensim.models.base_any2vec:EPOCH - 6 : supplied example count (0) did not equal expected count (299966)
WARNING:gensim.models.base_any2vec:train() called with an empty iterator (if not intended, be sure to provide a corpus that offers restartable iteration = an iterable).
DEBUG:gensim.models.base_any2vec:job loop exiting, total 0 jobs
DEBUG:gensim.models.base_any2vec:worker exiting, processed 0 jobs
DEBUG:gensim.models.base_any2vec:worker exiting, processed 0 jobs
DEBUG:gensim.models.base_any2vec:worker exiting, processed 0 jobs
INFO:gensim.models.base_any2vec:worker thread finished; awaiting finish of 2 more threads
INFO:gensim.models.base_any2vec:worker thread finished; awaiting finish of 1 more threads
INFO:gensim.models.base_any2vec:worker thread finished; awaiting finish of 0 more threads
INFO:gensim.models.base_any2vec:EPOCH - 7 : training on 0 raw words (0 effective words) took 0.0s, 0 effective words/s
WARNING:gensim.models.base_any2vec:EPOCH - 7 : supplied example count (0) did not equal expected count (299966)
WARNING:gensim.models.base_any2vec:train() called with an empty iterator (if not intended, be sure to provide a corpus that offers restartable iteration = an iterable).
DEBUG:gensim.models.base_any2vec:job loop exiting, total 0 jobs
DEBUG:gensim.models.base_any2vec:worker exiting, processed 0 jobs
DEBUG:gensim.models.base_any2vec:worker exiting, processed 0 jobs
DEBUG:gensim.models.base_any2vec:worker exiting, processed 0 jobs
INFO:gensim.models.base_any2vec:worker thread finished; awaiting finish of 2 more threads
INFO:gensim.models.base_any2vec:worker thread finished; awaiting finish of 1 more threads
INFO:gensim.models.base_any2vec:worker thread finished; awaiting finish of 0 more threads
INFO:gensim.models.base_any2vec:EPOCH - 8 : training on 0 raw words (0 effective words) took 0.0s, 0 effective words/s
WARNING:gensim.models.base_any2vec:EPOCH - 8 : supplied example count (0) did not equal expected count (299966)
WARNING:gensim.models.base_any2vec:train() called with an empty iterator (if not intended, be sure to provide a corpus that offers restartable iteration = an iterable).
DEBUG:gensim.models.base_any2vec:job loop exiting, total 0 jobs
DEBUG:gensim.models.base_any2vec:worker exiting, processed 0 jobs
DEBUG:gensim.models.base_any2vec:worker exiting, processed 0 jobs
DEBUG:gensim.models.base_any2vec:worker exiting, processed 0 jobs
INFO:gensim.models.base_any2vec:worker thread finished; awaiting finish of 2 more threads
INFO:gensim.models.base_any2vec:worker thread finished; awaiting finish of 1 more threads
INFO:gensim.models.base_any2vec:worker thread finished; awaiting finish of 0 more threads
INFO:gensim.models.base_any2vec:EPOCH - 9 : training on 0 raw words (0 effective words) took 0.0s, 0 effective words/s
WARNING:gensim.models.base_any2vec:EPOCH - 9 : supplied example count (0) did not equal expected count (299966)
WARNING:gensim.models.base_any2vec:train() called with an empty iterator (if not intended, be sure to provide a corpus that offers restartable iteration = an iterable).
DEBUG:gensim.models.base_any2vec:job loop exiting, total 0 jobs
DEBUG:gensim.models.base_any2vec:worker exiting, processed 0 jobs
DEBUG:gensim.models.base_any2vec:worker exiting, processed 0 jobs
DEBUG:gensim.models.base_any2vec:worker exiting, processed 0 jobs
INFO:gensim.models.base_any2vec:worker thread finished; awaiting finish of 2 more threads
INFO:gensim.models.base_any2vec:worker thread finished; awaiting finish of 1 more threads
INFO:gensim.models.base_any2vec:worker thread finished; awaiting finish of 0 more threads
INFO:gensim.models.base_any2vec:EPOCH - 10 : training on 0 raw words (0 effective words) took 0.0s, 0 effective words/s
WARNING:gensim.models.base_any2vec:EPOCH - 10 : supplied example count (0) did not equal expected count (299966)
WARNING:gensim.models.base_any2vec:train() called with an empty iterator (if not intended, be sure to provide a corpus that offers restartable iteration = an iterable).
DEBUG:gensim.models.base_any2vec:job loop exiting, total 0 jobs
DEBUG:gensim.models.base_any2vec:worker exiting, processed 0 jobs
DEBUG:gensim.models.base_any2vec:worker exiting, processed 0 jobs
DEBUG:gensim.models.base_any2vec:worker exiting, processed 0 jobs
INFO:gensim.models.base_any2vec:worker thread finished; awaiting finish of 2 more threads
INFO:gensim.models.base_any2vec:worker thread finished; awaiting finish of 1 more threads
INFO:gensim.models.base_any2vec:worker thread finished; awaiting finish of 0 more threads
INFO:gensim.models.base_any2vec:EPOCH - 11 : training on 0 raw words (0 effective words) took 0.0s, 0 effective words/s
WARNING:gensim.models.base_any2vec:EPOCH - 11 : supplied example count (0) did not equal expected count (299966)
WARNING:gensim.models.base_any2vec:train() called with an empty iterator (if not intended, be sure to provide a corpus that offers restartable iteration = an iterable).
DEBUG:gensim.models.base_any2vec:job loop exiting, total 0 jobs
DEBUG:gensim.models.base_any2vec:worker exiting, processed 0 jobs
DEBUG:gensim.models.base_any2vec:worker exiting, processed 0 jobs
DEBUG:gensim.models.base_any2vec:worker exiting, processed 0 jobs
INFO:gensim.models.base_any2vec:worker thread finished; awaiting finish of 2 more threads
INFO:gensim.models.base_any2vec:worker thread finished; awaiting finish of 1 more threads
INFO:gensim.models.base_any2vec:worker thread finished; awaiting finish of 0 more threads
INFO:gensim.models.base_any2vec:EPOCH - 12 : training on 0 raw words (0 effective words) took 0.0s, 0 effective words/s
WARNING:gensim.models.base_any2vec:EPOCH - 12 : supplied example count (0) did not equal expected count (299966)
WARNING:gensim.models.base_any2vec:train() called with an empty iterator (if not intended, be sure to provide a corpus that offers restartable iteration = an iterable).
DEBUG:gensim.models.base_any2vec:job loop exiting, total 0 jobs
DEBUG:gensim.models.base_any2vec:worker exiting, processed 0 jobs
DEBUG:gensim.models.base_any2vec:worker exiting, processed 0 jobs
DEBUG:gensim.models.base_any2vec:worker exiting, processed 0 jobs
INFO:gensim.models.base_any2vec:worker thread finished; awaiting finish of 2 more threads
INFO:gensim.models.base_any2vec:worker thread finished; awaiting finish of 1 more threads
INFO:gensim.models.base_any2vec:worker thread finished; awaiting finish of 0 more threads
INFO:gensim.models.base_any2vec:EPOCH - 13 : training on 0 raw words (0 effective words) took 0.0s, 0 effective words/s
WARNING:gensim.models.base_any2vec:EPOCH - 13 : supplied example count (0) did not equal expected count (299966)
WARNING:gensim.models.base_any2vec:train() called with an empty iterator (if not intended, be sure to provide a corpus that offers restartable iteration = an iterable).
DEBUG:gensim.models.base_any2vec:job loop exiting, total 0 jobs
DEBUG:gensim.models.base_any2vec:worker exiting, processed 0 jobs
DEBUG:gensim.models.base_any2vec:worker exiting, processed 0 jobs
DEBUG:gensim.models.base_any2vec:worker exiting, processed 0 jobs
INFO:gensim.models.base_any2vec:worker thread finished; awaiting finish of 2 more threads
INFO:gensim.models.base_any2vec:worker thread finished; awaiting finish of 1 more threads
INFO:gensim.models.base_any2vec:worker thread finished; awaiting finish of 0 more threads
INFO:gensim.models.base_any2vec:EPOCH - 14 : training on 0 raw words (0 effective words) took 0.0s, 0 effective words/s
WARNING:gensim.models.base_any2vec:EPOCH - 14 : supplied example count (0) did not equal expected count (299966)
WARNING:gensim.models.base_any2vec:train() called with an empty iterator (if not intended, be sure to provide a corpus that offers restartable iteration = an iterable).
DEBUG:gensim.models.base_any2vec:job loop exiting, total 0 jobs
DEBUG:gensim.models.base_any2vec:worker exiting, processed 0 jobs
DEBUG:gensim.models.base_any2vec:worker exiting, processed 0 jobs
DEBUG:gensim.models.base_any2vec:worker exiting, processed 0 jobs
INFO:gensim.models.base_any2vec:worker thread finished; awaiting finish of 2 more threads
INFO:gensim.models.base_any2vec:worker thread finished; awaiting finish of 1 more threads
INFO:gensim.models.base_any2vec:worker thread finished; awaiting finish of 0 more threads
INFO:gensim.models.base_any2vec:EPOCH - 15 : training on 0 raw words (0 effective words) took 0.0s, 0 effective words/s
WARNING:gensim.models.base_any2vec:EPOCH - 15 : supplied example count (0) did not equal expected count (299966)
WARNING:gensim.models.base_any2vec:train() called with an empty iterator (if not intended, be sure to provide a corpus that offers restartable iteration = an iterable).
DEBUG:gensim.models.base_any2vec:job loop exiting, total 0 jobs
DEBUG:gensim.models.base_any2vec:worker exiting, processed 0 jobs
DEBUG:gensim.models.base_any2vec:worker exiting, processed 0 jobs
DEBUG:gensim.models.base_any2vec:worker exiting, processed 0 jobs
INFO:gensim.models.base_any2vec:worker thread finished; awaiting finish of 2 more threads
INFO:gensim.models.base_any2vec:worker thread finished; awaiting finish of 1 more threads
INFO:gensim.models.base_any2vec:worker thread finished; awaiting finish of 0 more threads
INFO:gensim.models.base_any2vec:EPOCH - 16 : training on 0 raw words (0 effective words) took 0.0s, 0 effective words/s
WARNING:gensim.models.base_any2vec:EPOCH - 16 : supplied example count (0) did not equal expected count (299966)
WARNING:gensim.models.base_any2vec:train() called with an empty iterator (if not intended, be sure to provide a corpus that offers restartable iteration = an iterable).
DEBUG:gensim.models.base_any2vec:job loop exiting, total 0 jobs
DEBUG:gensim.models.base_any2vec:worker exiting, processed 0 jobs
DEBUG:gensim.models.base_any2vec:worker exiting, processed 0 jobs
DEBUG:gensim.models.base_any2vec:worker exiting, processed 0 jobs
INFO:gensim.models.base_any2vec:worker thread finished; awaiting finish of 2 more threads
INFO:gensim.models.base_any2vec:worker thread finished; awaiting finish of 1 more threads
INFO:gensim.models.base_any2vec:worker thread finished; awaiting finish of 0 more threads
INFO:gensim.models.base_any2vec:EPOCH - 17 : training on 0 raw words (0 effective words) took 0.0s, 0 effective words/s
WARNING:gensim.models.base_any2vec:EPOCH - 17 : supplied example count (0) did not equal expected count (299966)
WARNING:gensim.models.base_any2vec:train() called with an empty iterator (if not intended, be sure to provide a corpus that offers restartable iteration = an iterable).
DEBUG:gensim.models.base_any2vec:job loop exiting, total 0 jobs
DEBUG:gensim.models.base_any2vec:worker exiting, processed 0 jobs
DEBUG:gensim.models.base_any2vec:worker exiting, processed 0 jobs
DEBUG:gensim.models.base_any2vec:worker exiting, processed 0 jobs
INFO:gensim.models.base_any2vec:worker thread finished; awaiting finish of 2 more threads
INFO:gensim.models.base_any2vec:worker thread finished; awaiting finish of 1 more threads
INFO:gensim.models.base_any2vec:worker thread finished; awaiting finish of 0 more threads
INFO:gensim.models.base_any2vec:EPOCH - 18 : training on 0 raw words (0 effective words) took 0.0s, 0 effective words/s
WARNING:gensim.models.base_any2vec:EPOCH - 18 : supplied example count (0) did not equal expected count (299966)
WARNING:gensim.models.base_any2vec:train() called with an empty iterator (if not intended, be sure to provide a corpus that offers restartable iteration = an iterable).
DEBUG:gensim.models.base_any2vec:job loop exiting, total 0 jobs
DEBUG:gensim.models.base_any2vec:worker exiting, processed 0 jobs
DEBUG:gensim.models.base_any2vec:worker exiting, processed 0 jobs
DEBUG:gensim.models.base_any2vec:worker exiting, processed 0 jobs
INFO:gensim.models.base_any2vec:worker thread finished; awaiting finish of 2 more threads
INFO:gensim.models.base_any2vec:worker thread finished; awaiting finish of 1 more threads
INFO:gensim.models.base_any2vec:worker thread finished; awaiting finish of 0 more threads
INFO:gensim.models.base_any2vec:EPOCH - 19 : training on 0 raw words (0 effective words) took 0.0s, 0 effective words/s
WARNING:gensim.models.base_any2vec:EPOCH - 19 : supplied example count (0) did not equal expected count (299966)
WARNING:gensim.models.base_any2vec:train() called with an empty iterator (if not intended, be sure to provide a corpus that offers restartable iteration = an iterable).
DEBUG:gensim.models.base_any2vec:job loop exiting, total 0 jobs
DEBUG:gensim.models.base_any2vec:worker exiting, processed 0 jobs
DEBUG:gensim.models.base_any2vec:worker exiting, processed 0 jobs
DEBUG:gensim.models.base_any2vec:worker exiting, processed 0 jobs
INFO:gensim.models.base_any2vec:worker thread finished; awaiting finish of 2 more threads
INFO:gensim.models.base_any2vec:worker thread finished; awaiting finish of 1 more threads
INFO:gensim.models.base_any2vec:worker thread finished; awaiting finish of 0 more threads
INFO:gensim.models.base_any2vec:EPOCH - 20 : training on 0 raw words (0 effective words) took 0.0s, 0 effective words/s
WARNING:gensim.models.base_any2vec:EPOCH - 20 : supplied example count (0) did not equal expected count (299966)
WARNING:gensim.models.base_any2vec:train() called with an empty iterator (if not intended, be sure to provide a corpus that offers restartable iteration = an iterable).
DEBUG:gensim.models.base_any2vec:job loop exiting, total 0 jobs
DEBUG:gensim.models.base_any2vec:worker exiting, processed 0 jobs
DEBUG:gensim.models.base_any2vec:worker exiting, processed 0 jobs
DEBUG:gensim.models.base_any2vec:worker exiting, processed 0 jobs
INFO:gensim.models.base_any2vec:worker thread finished; awaiting finish of 2 more threads
INFO:gensim.models.base_any2vec:worker thread finished; awaiting finish of 1 more threads
INFO:gensim.models.base_any2vec:worker thread finished; awaiting finish of 0 more threads
INFO:gensim.models.base_any2vec:EPOCH - 21 : training on 0 raw words (0 effective words) took 0.0s, 0 effective words/s
WARNING:gensim.models.base_any2vec:EPOCH - 21 : supplied example count (0) did not equal expected count (299966)
WARNING:gensim.models.base_any2vec:train() called with an empty iterator (if not intended, be sure to provide a corpus that offers restartable iteration = an iterable).
DEBUG:gensim.models.base_any2vec:job loop exiting, total 0 jobs
DEBUG:gensim.models.base_any2vec:worker exiting, processed 0 jobs
DEBUG:gensim.models.base_any2vec:worker exiting, processed 0 jobs
DEBUG:gensim.models.base_any2vec:worker exiting, processed 0 jobs
INFO:gensim.models.base_any2vec:worker thread finished; awaiting finish of 2 more threads
INFO:gensim.models.base_any2vec:worker thread finished; awaiting finish of 1 more threads
INFO:gensim.models.base_any2vec:worker thread finished; awaiting finish of 0 more threads
INFO:gensim.models.base_any2vec:EPOCH - 22 : training on 0 raw words (0 effective words) took 0.0s, 0 effective words/s
WARNING:gensim.models.base_any2vec:EPOCH - 22 : supplied example count (0) did not equal expected count (299966)
WARNING:gensim.models.base_any2vec:train() called with an empty iterator (if not intended, be sure to provide a corpus that offers restartable iteration = an iterable).
DEBUG:gensim.models.base_any2vec:job loop exiting, total 0 jobs
DEBUG:gensim.models.base_any2vec:worker exiting, processed 0 jobs
DEBUG:gensim.models.base_any2vec:worker exiting, processed 0 jobs
DEBUG:gensim.models.base_any2vec:worker exiting, processed 0 jobs
INFO:gensim.models.base_any2vec:worker thread finished; awaiting finish of 2 more threads
INFO:gensim.models.base_any2vec:worker thread finished; awaiting finish of 1 more threads
INFO:gensim.models.base_any2vec:worker thread finished; awaiting finish of 0 more threads
INFO:gensim.models.base_any2vec:EPOCH - 23 : training on 0 raw words (0 effective words) took 0.0s, 0 effective words/s
WARNING:gensim.models.base_any2vec:EPOCH - 23 : supplied example count (0) did not equal expected count (299966)
WARNING:gensim.models.base_any2vec:train() called with an empty iterator (if not intended, be sure to provide a corpus that offers restartable iteration = an iterable).
DEBUG:gensim.models.base_any2vec:job loop exiting, total 0 jobs
DEBUG:gensim.models.base_any2vec:worker exiting, processed 0 jobs
DEBUG:gensim.models.base_any2vec:worker exiting, processed 0 jobs
DEBUG:gensim.models.base_any2vec:worker exiting, processed 0 jobs
INFO:gensim.models.base_any2vec:worker thread finished; awaiting finish of 2 more threads
INFO:gensim.models.base_any2vec:worker thread finished; awaiting finish of 1 more threads
INFO:gensim.models.base_any2vec:worker thread finished; awaiting finish of 0 more threads
INFO:gensim.models.base_any2vec:EPOCH - 24 : training on 0 raw words (0 effective words) took 0.0s, 0 effective words/s
WARNING:gensim.models.base_any2vec:EPOCH - 24 : supplied example count (0) did not equal expected count (299966)
WARNING:gensim.models.base_any2vec:train() called with an empty iterator (if not intended, be sure to provide a corpus that offers restartable iteration = an iterable).
DEBUG:gensim.models.base_any2vec:job loop exiting, total 0 jobs
DEBUG:gensim.models.base_any2vec:worker exiting, processed 0 jobs
DEBUG:gensim.models.base_any2vec:worker exiting, processed 0 jobs
DEBUG:gensim.models.base_any2vec:worker exiting, processed 0 jobs
INFO:gensim.models.base_any2vec:worker thread finished; awaiting finish of 2 more threads
INFO:gensim.models.base_any2vec:worker thread finished; awaiting finish of 1 more threads
INFO:gensim.models.base_any2vec:worker thread finished; awaiting finish of 0 more threads
INFO:gensim.models.base_any2vec:EPOCH - 25 : training on 0 raw words (0 effective words) took 0.0s, 0 effective words/s
WARNING:gensim.models.base_any2vec:EPOCH - 25 : supplied example count (0) did not equal expected count (299966)
WARNING:gensim.models.base_any2vec:train() called with an empty iterator (if not intended, be sure to provide a corpus that offers restartable iteration = an iterable).
DEBUG:gensim.models.base_any2vec:job loop exiting, total 0 jobs
DEBUG:gensim.models.base_any2vec:worker exiting, processed 0 jobs
DEBUG:gensim.models.base_any2vec:worker exiting, processed 0 jobs
DEBUG:gensim.models.base_any2vec:worker exiting, processed 0 jobs
INFO:gensim.models.base_any2vec:worker thread finished; awaiting finish of 2 more threads
INFO:gensim.models.base_any2vec:worker thread finished; awaiting finish of 1 more threads
INFO:gensim.models.base_any2vec:worker thread finished; awaiting finish of 0 more threads
INFO:gensim.models.base_any2vec:EPOCH - 26 : training on 0 raw words (0 effective words) took 0.0s, 0 effective words/s
WARNING:gensim.models.base_any2vec:EPOCH - 26 : supplied example count (0) did not equal expected count (299966)
WARNING:gensim.models.base_any2vec:train() called with an empty iterator (if not intended, be sure to provide a corpus that offers restartable iteration = an iterable).
DEBUG:gensim.models.base_any2vec:job loop exiting, total 0 jobs
DEBUG:gensim.models.base_any2vec:worker exiting, processed 0 jobs
DEBUG:gensim.models.base_any2vec:worker exiting, processed 0 jobs
DEBUG:gensim.models.base_any2vec:worker exiting, processed 0 jobs
INFO:gensim.models.base_any2vec:worker thread finished; awaiting finish of 2 more threads
INFO:gensim.models.base_any2vec:worker thread finished; awaiting finish of 1 more threads
INFO:gensim.models.base_any2vec:worker thread finished; awaiting finish of 0 more threads
INFO:gensim.models.base_any2vec:EPOCH - 27 : training on 0 raw words (0 effective words) took 0.0s, 0 effective words/s
WARNING:gensim.models.base_any2vec:EPOCH - 27 : supplied example count (0) did not equal expected count (299966)
WARNING:gensim.models.base_any2vec:train() called with an empty iterator (if not intended, be sure to provide a corpus that offers restartable iteration = an iterable).
DEBUG:gensim.models.base_any2vec:job loop exiting, total 0 jobs
DEBUG:gensim.models.base_any2vec:worker exiting, processed 0 jobs
DEBUG:gensim.models.base_any2vec:worker exiting, processed 0 jobs
DEBUG:gensim.models.base_any2vec:worker exiting, processed 0 jobs
INFO:gensim.models.base_any2vec:worker thread finished; awaiting finish of 2 more threads
INFO:gensim.models.base_any2vec:worker thread finished; awaiting finish of 1 more threads
INFO:gensim.models.base_any2vec:worker thread finished; awaiting finish of 0 more threads
INFO:gensim.models.base_any2vec:EPOCH - 28 : training on 0 raw words (0 effective words) took 0.0s, 0 effective words/s
WARNING:gensim.models.base_any2vec:EPOCH - 28 : supplied example count (0) did not equal expected count (299966)
WARNING:gensim.models.base_any2vec:train() called with an empty iterator (if not intended, be sure to provide a corpus that offers restartable iteration = an iterable).
DEBUG:gensim.models.base_any2vec:job loop exiting, total 0 jobs
DEBUG:gensim.models.base_any2vec:worker exiting, processed 0 jobs
DEBUG:gensim.models.base_any2vec:worker exiting, processed 0 jobs
DEBUG:gensim.models.base_any2vec:worker exiting, processed 0 jobs
INFO:gensim.models.base_any2vec:worker thread finished; awaiting finish of 2 more threads
INFO:gensim.models.base_any2vec:worker thread finished; awaiting finish of 1 more threads
INFO:gensim.models.base_any2vec:worker thread finished; awaiting finish of 0 more threads
INFO:gensim.models.base_any2vec:EPOCH - 29 : training on 0 raw words (0 effective words) took 0.0s, 0 effective words/s
WARNING:gensim.models.base_any2vec:EPOCH - 29 : supplied example count (0) did not equal expected count (299966)
WARNING:gensim.models.base_any2vec:train() called with an empty iterator (if not intended, be sure to provide a corpus that offers restartable iteration = an iterable).
DEBUG:gensim.models.base_any2vec:job loop exiting, total 0 jobs
DEBUG:gensim.models.base_any2vec:worker exiting, processed 0 jobs
DEBUG:gensim.models.base_any2vec:worker exiting, processed 0 jobs
DEBUG:gensim.models.base_any2vec:worker exiting, processed 0 jobs
INFO:gensim.models.base_any2vec:worker thread finished; awaiting finish of 2 more threads
INFO:gensim.models.base_any2vec:worker thread finished; awaiting finish of 1 more threads
INFO:gensim.models.base_any2vec:worker thread finished; awaiting finish of 0 more threads
INFO:gensim.models.base_any2vec:EPOCH - 30 : training on 0 raw words (0 effective words) took 0.0s, 0 effective words/s
WARNING:gensim.models.base_any2vec:EPOCH - 30 : supplied example count (0) did not equal expected count (299966)
WARNING:gensim.models.base_any2vec:train() called with an empty iterator (if not intended, be sure to provide a corpus that offers restartable iteration = an iterable).
DEBUG:gensim.models.base_any2vec:job loop exiting, total 0 jobs
DEBUG:gensim.models.base_any2vec:worker exiting, processed 0 jobs
DEBUG:gensim.models.base_any2vec:worker exiting, processed 0 jobs
DEBUG:gensim.models.base_any2vec:worker exiting, processed 0 jobs
INFO:gensim.models.base_any2vec:worker thread finished; awaiting finish of 2 more threads
INFO:gensim.models.base_any2vec:worker thread finished; awaiting finish of 1 more threads
INFO:gensim.models.base_any2vec:worker thread finished; awaiting finish of 0 more threads
INFO:gensim.models.base_any2vec:EPOCH - 31 : training on 0 raw words (0 effective words) took 0.0s, 0 effective words/s
WARNING:gensim.models.base_any2vec:EPOCH - 31 : supplied example count (0) did not equal expected count (299966)
WARNING:gensim.models.base_any2vec:train() called with an empty iterator (if not intended, be sure to provide a corpus that offers restartable iteration = an iterable).
DEBUG:gensim.models.base_any2vec:job loop exiting, total 0 jobs
DEBUG:gensim.models.base_any2vec:worker exiting, processed 0 jobs
DEBUG:gensim.models.base_any2vec:worker exiting, processed 0 jobs
DEBUG:gensim.models.base_any2vec:worker exiting, processed 0 jobs
INFO:gensim.models.base_any2vec:worker thread finished; awaiting finish of 2 more threads
INFO:gensim.models.base_any2vec:worker thread finished; awaiting finish of 1 more threads
INFO:gensim.models.base_any2vec:worker thread finished; awaiting finish of 0 more threads
INFO:gensim.models.base_any2vec:EPOCH - 32 : training on 0 raw words (0 effective words) took 0.0s, 0 effective words/s
WARNING:gensim.models.base_any2vec:EPOCH - 32 : supplied example count (0) did not equal expected count (299966)
WARNING:gensim.models.base_any2vec:train() called with an empty iterator (if not intended, be sure to provide a corpus that offers restartable iteration = an iterable).
DEBUG:gensim.models.base_any2vec:job loop exiting, total 0 jobs
DEBUG:gensim.models.base_any2vec:worker exiting, processed 0 jobs
DEBUG:gensim.models.base_any2vec:worker exiting, processed 0 jobs
DEBUG:gensim.models.base_any2vec:worker exiting, processed 0 jobs
INFO:gensim.models.base_any2vec:worker thread finished; awaiting finish of 2 more threads
INFO:gensim.models.base_any2vec:worker thread finished; awaiting finish of 1 more threads
INFO:gensim.models.base_any2vec:worker thread finished; awaiting finish of 0 more threads
INFO:gensim.models.base_any2vec:EPOCH - 33 : training on 0 raw words (0 effective words) took 0.0s, 0 effective words/s
WARNING:gensim.models.base_any2vec:EPOCH - 33 : supplied example count (0) did not equal expected count (299966)
WARNING:gensim.models.base_any2vec:train() called with an empty iterator (if not intended, be sure to provide a corpus that offers restartable iteration = an iterable).
DEBUG:gensim.models.base_any2vec:job loop exiting, total 0 jobs
DEBUG:gensim.models.base_any2vec:worker exiting, processed 0 jobs
DEBUG:gensim.models.base_any2vec:worker exiting, processed 0 jobs
DEBUG:gensim.models.base_any2vec:worker exiting, processed 0 jobs
INFO:gensim.models.base_any2vec:worker thread finished; awaiting finish of 2 more threads
INFO:gensim.models.base_any2vec:worker thread finished; awaiting finish of 1 more threads
INFO:gensim.models.base_any2vec:worker thread finished; awaiting finish of 0 more threads
INFO:gensim.models.base_any2vec:EPOCH - 34 : training on 0 raw words (0 effective words) took 0.0s, 0 effective words/s
WARNING:gensim.models.base_any2vec:EPOCH - 34 : supplied example count (0) did not equal expected count (299966)
WARNING:gensim.models.base_any2vec:train() called with an empty iterator (if not intended, be sure to provide a corpus that offers restartable iteration = an iterable).
DEBUG:gensim.models.base_any2vec:job loop exiting, total 0 jobs
DEBUG:gensim.models.base_any2vec:worker exiting, processed 0 jobs
DEBUG:gensim.models.base_any2vec:worker exiting, processed 0 jobs
DEBUG:gensim.models.base_any2vec:worker exiting, processed 0 jobs
INFO:gensim.models.base_any2vec:worker thread finished; awaiting finish of 2 more threads
INFO:gensim.models.base_any2vec:worker thread finished; awaiting finish of 1 more threads
INFO:gensim.models.base_any2vec:worker thread finished; awaiting finish of 0 more threads
INFO:gensim.models.base_any2vec:EPOCH - 35 : training on 0 raw words (0 effective words) took 0.0s, 0 effective words/s
WARNING:gensim.models.base_any2vec:EPOCH - 35 : supplied example count (0) did not equal expected count (299966)
WARNING:gensim.models.base_any2vec:train() called with an empty iterator (if not intended, be sure to provide a corpus that offers restartable iteration = an iterable).
DEBUG:gensim.models.base_any2vec:job loop exiting, total 0 jobs
DEBUG:gensim.models.base_any2vec:worker exiting, processed 0 jobs
DEBUG:gensim.models.base_any2vec:worker exiting, processed 0 jobs
DEBUG:gensim.models.base_any2vec:worker exiting, processed 0 jobs
INFO:gensim.models.base_any2vec:worker thread finished; awaiting finish of 2 more threads
INFO:gensim.models.base_any2vec:worker thread finished; awaiting finish of 1 more threads
INFO:gensim.models.base_any2vec:worker thread finished; awaiting finish of 0 more threads
INFO:gensim.models.base_any2vec:EPOCH - 36 : training on 0 raw words (0 effective words) took 0.0s, 0 effective words/s
WARNING:gensim.models.base_any2vec:EPOCH - 36 : supplied example count (0) did not equal expected count (299966)
WARNING:gensim.models.base_any2vec:train() called with an empty iterator (if not intended, be sure to provide a corpus that offers restartable iteration = an iterable).
DEBUG:gensim.models.base_any2vec:job loop exiting, total 0 jobs
DEBUG:gensim.models.base_any2vec:worker exiting, processed 0 jobs
DEBUG:gensim.models.base_any2vec:worker exiting, processed 0 jobs
DEBUG:gensim.models.base_any2vec:worker exiting, processed 0 jobs
INFO:gensim.models.base_any2vec:worker thread finished; awaiting finish of 2 more threads
INFO:gensim.models.base_any2vec:worker thread finished; awaiting finish of 1 more threads
INFO:gensim.models.base_any2vec:worker thread finished; awaiting finish of 0 more threads
INFO:gensim.models.base_any2vec:EPOCH - 37 : training on 0 raw words (0 effective words) took 0.0s, 0 effective words/s
WARNING:gensim.models.base_any2vec:EPOCH - 37 : supplied example count (0) did not equal expected count (299966)
WARNING:gensim.models.base_any2vec:train() called with an empty iterator (if not intended, be sure to provide a corpus that offers restartable iteration = an iterable).
DEBUG:gensim.models.base_any2vec:job loop exiting, total 0 jobs
DEBUG:gensim.models.base_any2vec:worker exiting, processed 0 jobs
DEBUG:gensim.models.base_any2vec:worker exiting, processed 0 jobs
DEBUG:gensim.models.base_any2vec:worker exiting, processed 0 jobs
INFO:gensim.models.base_any2vec:worker thread finished; awaiting finish of 2 more threads
INFO:gensim.models.base_any2vec:worker thread finished; awaiting finish of 1 more threads
INFO:gensim.models.base_any2vec:worker thread finished; awaiting finish of 0 more threads
INFO:gensim.models.base_any2vec:EPOCH - 38 : training on 0 raw words (0 effective words) took 0.0s, 0 effective words/s
WARNING:gensim.models.base_any2vec:EPOCH - 38 : supplied example count (0) did not equal expected count (299966)
WARNING:gensim.models.base_any2vec:train() called with an empty iterator (if not intended, be sure to provide a corpus that offers restartable iteration = an iterable).
DEBUG:gensim.models.base_any2vec:job loop exiting, total 0 jobs
DEBUG:gensim.models.base_any2vec:worker exiting, processed 0 jobs
DEBUG:gensim.models.base_any2vec:worker exiting, processed 0 jobs
DEBUG:gensim.models.base_any2vec:worker exiting, processed 0 jobs
INFO:gensim.models.base_any2vec:worker thread finished; awaiting finish of 2 more threads
INFO:gensim.models.base_any2vec:worker thread finished; awaiting finish of 1 more threads
INFO:gensim.models.base_any2vec:worker thread finished; awaiting finish of 0 more threads
INFO:gensim.models.base_any2vec:EPOCH - 39 : training on 0 raw words (0 effective words) took 0.0s, 0 effective words/s
WARNING:gensim.models.base_any2vec:EPOCH - 39 : supplied example count (0) did not equal expected count (299966)
WARNING:gensim.models.base_any2vec:train() called with an empty iterator (if not intended, be sure to provide a corpus that offers restartable iteration = an iterable).
DEBUG:gensim.models.base_any2vec:job loop exiting, total 0 jobs
DEBUG:gensim.models.base_any2vec:worker exiting, processed 0 jobs
DEBUG:gensim.models.base_any2vec:worker exiting, processed 0 jobs
DEBUG:gensim.models.base_any2vec:worker exiting, processed 0 jobs
INFO:gensim.models.base_any2vec:worker thread finished; awaiting finish of 2 more threads
INFO:gensim.models.base_any2vec:worker thread finished; awaiting finish of 1 more threads
INFO:gensim.models.base_any2vec:worker thread finished; awaiting finish of 0 more threads
INFO:gensim.models.base_any2vec:EPOCH - 40 : training on 0 raw words (0 effective words) took 0.0s, 0 effective words/s
WARNING:gensim.models.base_any2vec:EPOCH - 40 : supplied example count (0) did not equal expected count (299966)
WARNING:gensim.models.base_any2vec:train() called with an empty iterator (if not intended, be sure to provide a corpus that offers restartable iteration = an iterable).
DEBUG:gensim.models.base_any2vec:job loop exiting, total 0 jobs
DEBUG:gensim.models.base_any2vec:worker exiting, processed 0 jobs
DEBUG:gensim.models.base_any2vec:worker exiting, processed 0 jobs
DEBUG:gensim.models.base_any2vec:worker exiting, processed 0 jobs
INFO:gensim.models.base_any2vec:worker thread finished; awaiting finish of 2 more threads
INFO:gensim.models.base_any2vec:worker thread finished; awaiting finish of 1 more threads
INFO:gensim.models.base_any2vec:worker thread finished; awaiting finish of 0 more threads
INFO:gensim.models.base_any2vec:EPOCH - 41 : training on 0 raw words (0 effective words) took 0.0s, 0 effective words/s
WARNING:gensim.models.base_any2vec:EPOCH - 41 : supplied example count (0) did not equal expected count (299966)
WARNING:gensim.models.base_any2vec:train() called with an empty iterator (if not intended, be sure to provide a corpus that offers restartable iteration = an iterable).
DEBUG:gensim.models.base_any2vec:job loop exiting, total 0 jobs
DEBUG:gensim.models.base_any2vec:worker exiting, processed 0 jobs
DEBUG:gensim.models.base_any2vec:worker exiting, processed 0 jobs
INFO:gensim.models.base_any2vec:worker thread finished; awaiting finish of 2 more threads
DEBUG:gensim.models.base_any2vec:worker exiting, processed 0 jobs
INFO:gensim.models.base_any2vec:worker thread finished; awaiting finish of 1 more threads
INFO:gensim.models.base_any2vec:worker thread finished; awaiting finish of 0 more threads
INFO:gensim.models.base_any2vec:EPOCH - 42 : training on 0 raw words (0 effective words) took 0.0s, 0 effective words/s
WARNING:gensim.models.base_any2vec:EPOCH - 42 : supplied example count (0) did not equal expected count (299966)
WARNING:gensim.models.base_any2vec:train() called with an empty iterator (if not intended, be sure to provide a corpus that offers restartable iteration = an iterable).
DEBUG:gensim.models.base_any2vec:job loop exiting, total 0 jobs
DEBUG:gensim.models.base_any2vec:worker exiting, processed 0 jobs
DEBUG:gensim.models.base_any2vec:worker exiting, processed 0 jobs
DEBUG:gensim.models.base_any2vec:worker exiting, processed 0 jobs
INFO:gensim.models.base_any2vec:worker thread finished; awaiting finish of 2 more threads
INFO:gensim.models.base_any2vec:worker thread finished; awaiting finish of 1 more threads
INFO:gensim.models.base_any2vec:worker thread finished; awaiting finish of 0 more threads
INFO:gensim.models.base_any2vec:EPOCH - 43 : training on 0 raw words (0 effective words) took 0.0s, 0 effective words/s
WARNING:gensim.models.base_any2vec:EPOCH - 43 : supplied example count (0) did not equal expected count (299966)
WARNING:gensim.models.base_any2vec:train() called with an empty iterator (if not intended, be sure to provide a corpus that offers restartable iteration = an iterable).
DEBUG:gensim.models.base_any2vec:job loop exiting, total 0 jobs
DEBUG:gensim.models.base_any2vec:worker exiting, processed 0 jobs
DEBUG:gensim.models.base_any2vec:worker exiting, processed 0 jobs
DEBUG:gensim.models.base_any2vec:worker exiting, processed 0 jobs
INFO:gensim.models.base_any2vec:worker thread finished; awaiting finish of 2 more threads
INFO:gensim.models.base_any2vec:worker thread finished; awaiting finish of 1 more threads
INFO:gensim.models.base_any2vec:worker thread finished; awaiting finish of 0 more threads
INFO:gensim.models.base_any2vec:EPOCH - 44 : training on 0 raw words (0 effective words) took 0.0s, 0 effective words/s
WARNING:gensim.models.base_any2vec:EPOCH - 44 : supplied example count (0) did not equal expected count (299966)
WARNING:gensim.models.base_any2vec:train() called with an empty iterator (if not intended, be sure to provide a corpus that offers restartable iteration = an iterable).
DEBUG:gensim.models.base_any2vec:job loop exiting, total 0 jobs
DEBUG:gensim.models.base_any2vec:worker exiting, processed 0 jobs
DEBUG:gensim.models.base_any2vec:worker exiting, processed 0 jobs
DEBUG:gensim.models.base_any2vec:worker exiting, processed 0 jobs
INFO:gensim.models.base_any2vec:worker thread finished; awaiting finish of 2 more threads
INFO:gensim.models.base_any2vec:worker thread finished; awaiting finish of 1 more threads
INFO:gensim.models.base_any2vec:worker thread finished; awaiting finish of 0 more threads
INFO:gensim.models.base_any2vec:EPOCH - 45 : training on 0 raw words (0 effective words) took 0.0s, 0 effective words/s
WARNING:gensim.models.base_any2vec:EPOCH - 45 : supplied example count (0) did not equal expected count (299966)
WARNING:gensim.models.base_any2vec:train() called with an empty iterator (if not intended, be sure to provide a corpus that offers restartable iteration = an iterable).
DEBUG:gensim.models.base_any2vec:job loop exiting, total 0 jobs
DEBUG:gensim.models.base_any2vec:worker exiting, processed 0 jobs
DEBUG:gensim.models.base_any2vec:worker exiting, processed 0 jobs
DEBUG:gensim.models.base_any2vec:worker exiting, processed 0 jobs
INFO:gensim.models.base_any2vec:worker thread finished; awaiting finish of 2 more threads
INFO:gensim.models.base_any2vec:worker thread finished; awaiting finish of 1 more threads
INFO:gensim.models.base_any2vec:worker thread finished; awaiting finish of 0 more threads
INFO:gensim.models.base_any2vec:EPOCH - 46 : training on 0 raw words (0 effective words) took 0.0s, 0 effective words/s
WARNING:gensim.models.base_any2vec:EPOCH - 46 : supplied example count (0) did not equal expected count (299966)
WARNING:gensim.models.base_any2vec:train() called with an empty iterator (if not intended, be sure to provide a corpus that offers restartable iteration = an iterable).
DEBUG:gensim.models.base_any2vec:job loop exiting, total 0 jobs
DEBUG:gensim.models.base_any2vec:worker exiting, processed 0 jobs
DEBUG:gensim.models.base_any2vec:worker exiting, processed 0 jobs
DEBUG:gensim.models.base_any2vec:worker exiting, processed 0 jobs
INFO:gensim.models.base_any2vec:worker thread finished; awaiting finish of 2 more threads
INFO:gensim.models.base_any2vec:worker thread finished; awaiting finish of 1 more threads
INFO:gensim.models.base_any2vec:worker thread finished; awaiting finish of 0 more threads
INFO:gensim.models.base_any2vec:EPOCH - 47 : training on 0 raw words (0 effective words) took 0.0s, 0 effective words/s
WARNING:gensim.models.base_any2vec:EPOCH - 47 : supplied example count (0) did not equal expected count (299966)
WARNING:gensim.models.base_any2vec:train() called with an empty iterator (if not intended, be sure to provide a corpus that offers restartable iteration = an iterable).
DEBUG:gensim.models.base_any2vec:job loop exiting, total 0 jobs
DEBUG:gensim.models.base_any2vec:worker exiting, processed 0 jobs
DEBUG:gensim.models.base_any2vec:worker exiting, processed 0 jobs
DEBUG:gensim.models.base_any2vec:worker exiting, processed 0 jobs
INFO:gensim.models.base_any2vec:worker thread finished; awaiting finish of 2 more threads
INFO:gensim.models.base_any2vec:worker thread finished; awaiting finish of 1 more threads
INFO:gensim.models.base_any2vec:worker thread finished; awaiting finish of 0 more threads
INFO:gensim.models.base_any2vec:EPOCH - 48 : training on 0 raw words (0 effective words) took 0.0s, 0 effective words/s
WARNING:gensim.models.base_any2vec:EPOCH - 48 : supplied example count (0) did not equal expected count (299966)
WARNING:gensim.models.base_any2vec:train() called with an empty iterator (if not intended, be sure to provide a corpus that offers restartable iteration = an iterable).
DEBUG:gensim.models.base_any2vec:job loop exiting, total 0 jobs
DEBUG:gensim.models.base_any2vec:worker exiting, processed 0 jobs
DEBUG:gensim.models.base_any2vec:worker exiting, processed 0 jobs
DEBUG:gensim.models.base_any2vec:worker exiting, processed 0 jobs
INFO:gensim.models.base_any2vec:worker thread finished; awaiting finish of 2 more threads
INFO:gensim.models.base_any2vec:worker thread finished; awaiting finish of 1 more threads
INFO:gensim.models.base_any2vec:worker thread finished; awaiting finish of 0 more threads
INFO:gensim.models.base_any2vec:EPOCH - 49 : training on 0 raw words (0 effective words) took 0.0s, 0 effective words/s
WARNING:gensim.models.base_any2vec:EPOCH - 49 : supplied example count (0) did not equal expected count (299966)
WARNING:gensim.models.base_any2vec:train() called with an empty iterator (if not intended, be sure to provide a corpus that offers restartable iteration = an iterable).
DEBUG:gensim.models.base_any2vec:job loop exiting, total 0 jobs
DEBUG:gensim.models.base_any2vec:worker exiting, processed 0 jobs
DEBUG:gensim.models.base_any2vec:worker exiting, processed 0 jobs
INFO:gensim.models.base_any2vec:worker thread finished; awaiting finish of 2 more threads
DEBUG:gensim.models.base_any2vec:worker exiting, processed 0 jobs
INFO:gensim.models.base_any2vec:worker thread finished; awaiting finish of 1 more threads
INFO:gensim.models.base_any2vec:worker thread finished; awaiting finish of 0 more threads
INFO:gensim.models.base_any2vec:EPOCH - 50 : training on 0 raw words (0 effective words) took 0.0s, 0 effective words/s
WARNING:gensim.models.base_any2vec:EPOCH - 50 : supplied example count (0) did not equal expected count (299966)
INFO:gensim.models.base_any2vec:training on a 0 raw words (0 effective words) took 0.2s, 0 effective words/s
WARNING:gensim.models.base_any2vec:under 10 jobs per worker: consider setting a smaller `batch_words' for smoother alpha decay
INFO:gensim.utils:saving Doc2Vec object under /media/remote/tmandal/document-clustering-with-deep-neural-networks/python_objects/document_model.doc2vec, separately None
INFO:gensim.utils:storing np array 'vectors_docs' to /media/remote/tmandal/document-clustering-with-deep-neural-networks/python_objects/document_model.doc2vec.docvecs.vectors_docs.npy
DEBUG:smart_open.smart_open_lib:{'transport_params': None, 'ignore_ext': False, 'opener': None, 'closefd': True, 'newline': None, 'errors': None, 'encoding': None, 'buffering': -1, 'mode': 'wb', 'uri': '/media/remote/tmandal/document-clustering-with-deep-neural-networks/python_objects/document_model.doc2vec'}
INFO:gensim.utils:saved /media/remote/tmandal/document-clustering-with-deep-neural-networks/python_objects/document_model.doc2vec
INFO:root:Doc2Vec ended: time.struct_time(tm_year=2020, tm_mon=4, tm_mday=29, tm_hour=16, tm_min=42, tm_sec=27, tm_wday=2, tm_yday=120, tm_isdst=1)
INFO:root:('Doc2Vec', ' executed for 00:01:52.96')
INFO:gensim.utils:loading Doc2Vec object from /media/remote/tmandal/document-clustering-with-deep-neural-networks/python_objects/document_model.doc2vec
DEBUG:smart_open.smart_open_lib:{'transport_params': None, 'ignore_ext': False, 'opener': None, 'closefd': True, 'newline': None, 'errors': None, 'encoding': None, 'buffering': -1, 'mode': 'rb', 'uri': '/media/remote/tmandal/document-clustering-with-deep-neural-networks/python_objects/document_model.doc2vec'}
INFO:gensim.utils:loading vocabulary recursively from /media/remote/tmandal/document-clustering-with-deep-neural-networks/python_objects/document_model.doc2vec.vocabulary.* with mmap=None
INFO:gensim.utils:loading trainables recursively from /media/remote/tmandal/document-clustering-with-deep-neural-networks/python_objects/document_model.doc2vec.trainables.* with mmap=None
INFO:gensim.utils:loading wv recursively from /media/remote/tmandal/document-clustering-with-deep-neural-networks/python_objects/document_model.doc2vec.wv.* with mmap=None
INFO:gensim.utils:loading docvecs recursively from /media/remote/tmandal/document-clustering-with-deep-neural-networks/python_objects/document_model.doc2vec.docvecs.* with mmap=None
INFO:gensim.utils:loading vectors_docs from /media/remote/tmandal/document-clustering-with-deep-neural-networks/python_objects/document_model.doc2vec.docvecs.vectors_docs.npy with mmap=None
INFO:gensim.utils:loaded /media/remote/tmandal/document-clustering-with-deep-neural-networks/python_objects/document_model.doc2vec
INFO:root:('Infer vector train: ', time.struct_time(tm_year=2020, tm_mon=4, tm_mday=29, tm_hour=16, tm_min=40, tm_sec=34, tm_wday=2, tm_yday=120, tm_isdst=1))
INFO:root:train_vector size: 299966
INFO:root:train_vector[227214] feature size: 300
INFO:root:[-8.90358468e-04  8.56489583e-04  1.39646546e-03  6.01008578e-05
 -8.16887710e-04 -1.65188545e-03 -4.69142949e-04 -1.05740083e-03
 -7.78537302e-04 -1.53661030e-03 -5.49223798e-04  5.62943053e-04
  1.45466253e-03  4.50730091e-04  5.36036969e-04 -1.11729559e-03
  5.71330078e-04 -4.86634322e-04 -1.16435986e-04  1.14923983e-03
 -1.43301662e-03  1.54800748e-03  2.13909632e-04 -4.33511043e-04
 -7.28036917e-04  1.42748980e-03 -9.15221230e-04 -5.13600942e-04
 -5.46555733e-04 -2.89641466e-05 -4.01828031e-04 -1.23879919e-03
  4.56838607e-04 -6.97333016e-04  2.99322623e-04 -8.35218118e-04
 -2.11287392e-04  8.43787042e-04 -1.64181518e-03 -1.49961177e-03
 -3.99604178e-04 -1.16260664e-03 -1.37229415e-03  9.63281607e-04
  9.52779646e-06 -1.12244255e-04 -2.49020582e-06  4.70975705e-04
  3.23394168e-04  1.20490114e-03 -3.96154675e-04  7.59330404e-04
  1.35288958e-03  1.56886375e-03 -1.22533552e-03 -6.97501237e-04
  1.27964828e-03  2.43603979e-04 -9.43188439e-04 -2.21385926e-04
 -1.44034065e-03 -8.13913124e-04 -4.35563736e-04  1.04889588e-03
 -4.14993789e-04  1.25922461e-03  9.01283580e-04  3.58388439e-04
  7.16859184e-04  7.82501651e-04  8.09489109e-04  1.52712967e-03
  8.80098785e-04 -8.08234792e-04  8.44353286e-04 -1.37426110e-03
  1.42902683e-03 -1.58200215e-03  1.14767565e-04 -7.37037801e-04
  3.70834139e-04  1.07929914e-03  1.38102740e-03  2.31652943e-04
  1.14320824e-03  1.49627868e-03  8.15727341e-04 -1.04889157e-03
  7.78155983e-04 -1.28632144e-03  4.95279615e-04 -2.36177963e-04
 -1.25648209e-03 -1.36288628e-03  8.19000357e-04  9.60601785e-04
 -1.28280488e-03  2.02772091e-04 -1.42561109e-03 -9.73153452e-04
  1.29964226e-03 -1.00071752e-03  1.43217936e-03  1.58028048e-03
  1.14054244e-03  6.58793608e-04 -1.51261652e-03  9.54148127e-04
  9.48613917e-04  1.52862933e-03  4.09181084e-04  2.44852738e-04
  1.58001098e-03 -2.67224932e-05 -1.41457468e-03  6.91837457e-04
 -1.15007802e-03 -3.23464687e-04  1.48514181e-03  4.43466823e-04
  7.38941773e-04  1.37669034e-03  1.62713183e-03 -6.03442197e-04
 -2.06890894e-04  1.62271422e-03 -5.55825303e-04 -2.61421392e-05
 -9.82058584e-04 -3.28278897e-04  1.96344976e-04 -1.55775168e-03
  6.31605391e-04 -1.63782423e-03 -9.93021880e-04 -7.93523737e-04
  7.86807912e-04 -4.78015892e-04  3.22159176e-04  9.07915004e-04
  7.21777731e-04  9.52859118e-04 -6.71764195e-04 -1.43744180e-03
 -4.71315812e-04 -5.34959254e-04 -2.72942474e-04  1.60452770e-03
  1.61784294e-03  1.19455811e-03 -5.29993093e-04  1.16978859e-04
 -1.47864362e-03 -6.35006945e-05 -1.32791325e-03  9.92564135e-04
  1.30491669e-03 -1.22057344e-03  3.01895168e-04  1.45689992e-04
  1.39735348e-03 -1.27095857e-03  1.62251398e-03  4.90351173e-04
 -1.07735558e-03  1.05034641e-03  9.39551974e-04 -7.02340389e-04
 -2.83604546e-04  9.42549232e-05 -7.48819730e-04  1.13730261e-03
 -6.81707868e-04  4.60735406e-04 -8.22386355e-04 -4.58500988e-04
 -2.72073579e-04  8.59394844e-04 -1.59157673e-03 -3.96867836e-04
 -1.52886671e-03  1.31359819e-04 -1.41342171e-03  5.43188071e-04
 -1.35550613e-03 -4.04285791e-04 -9.18833306e-04 -6.37277088e-04
  4.05121886e-04  4.54607303e-04  1.51586928e-03 -7.45827332e-04
 -4.08839871e-04  1.48442865e-03  7.67568068e-04  1.40665309e-03
 -8.45602248e-04 -1.39586953e-03  1.64228061e-03 -1.31530035e-03
 -4.29363718e-04  1.35699089e-03  9.05839843e-04  3.27291869e-04
  1.86303732e-05  5.09909121e-04 -3.24387744e-04 -1.94176420e-04
 -9.70006804e-05  1.46734077e-04 -1.57928688e-03  8.58768297e-04
 -5.28312637e-04 -1.38280529e-03 -1.36632205e-03 -5.75735699e-04
  1.46888255e-03  8.31483980e-04  1.50720659e-03  1.76460773e-04
  2.45806790e-04  4.98629175e-04  2.66355026e-04 -5.63372974e-04
  8.74277146e-04 -2.69853423e-04  5.67580049e-04 -1.56528165e-03
 -1.33062160e-04  2.51508201e-04  6.26887660e-04 -6.42279105e-04
 -1.40865648e-03  7.62377924e-04  1.47059083e-03 -2.81125336e-04
 -6.23961852e-04 -7.26123049e-04 -1.81098061e-04 -5.01253962e-05
 -1.26979547e-03 -1.43985043e-03  7.74771732e-04 -1.56613532e-03
 -1.66023950e-04  1.62276858e-03 -1.11175387e-03 -8.65164679e-04
  1.51143072e-03 -1.17260061e-04 -6.87442371e-04  8.09737889e-04
 -4.57195652e-04 -9.94636212e-04 -2.74420308e-04 -5.72658610e-04
 -3.71596572e-04 -6.15021156e-04 -3.23182030e-04  7.75286637e-04
  9.39175661e-04 -1.60136190e-03 -1.43798545e-03  1.09717879e-03
  4.07127547e-04  7.26292259e-04  2.10019003e-04 -8.62430141e-04
 -1.43145456e-03  1.10823370e-03 -3.19927873e-04  2.00560229e-04
  4.64440847e-04 -7.23242934e-04 -9.80950543e-04  4.59642470e-04
  1.22339150e-03  1.31688686e-03  7.69370992e-04  4.82408301e-04
 -1.14894274e-03 -1.09748187e-04 -4.44696889e-05  8.16633343e-04
  1.38233881e-03  3.94395640e-04  3.59554804e-04 -2.85332470e-04
  8.03514093e-04 -9.34511074e-04 -1.57304108e-04  8.79556464e-05
 -1.27222051e-03 -2.97590654e-04  9.54010640e-04 -1.36069953e-03
 -1.63394306e-03 -1.48694939e-03 -1.10303669e-03  1.08230126e-03]
INFO:root:Infer vector train ended: time.struct_time(tm_year=2020, tm_mon=4, tm_mday=29, tm_hour=17, tm_min=11, tm_sec=40, tm_wday=2, tm_yday=120, tm_isdst=1)
INFO:root:('Infer vector train', ' executed for 00:29:08.61')
INFO:root:('Infer vector test: ', time.struct_time(tm_year=2020, tm_mon=4, tm_mday=29, tm_hour=16, tm_min=40, tm_sec=34, tm_wday=2, tm_yday=120, tm_isdst=1))
INFO:root:test_vector size: 37467
INFO:root:test_vector[1199] feature size: 300
INFO:root:[ 1.5011488e-03  8.3931629e-04 -8.3669065e-04 -9.6479570e-04
 -1.1813134e-03  1.4947596e-03  2.8194752e-06  3.8543087e-04
 -1.6648751e-03 -1.1912320e-03  5.2377192e-04 -7.5487641e-04
  7.9063134e-04 -1.2961722e-03 -1.5962400e-03 -1.6289591e-03
  8.8783307e-04 -9.3270384e-04 -1.4063040e-03 -1.0455718e-03
  1.2725403e-03  1.5167877e-03  3.6354267e-04  1.1754892e-03
  1.7742258e-04  3.7986328e-04  1.5858245e-03  9.8000979e-04
 -9.7181770e-04  3.0707687e-04 -1.1972290e-03  2.1255359e-05
  7.5659528e-04 -9.0991391e-04  8.1441575e-04 -6.3884008e-04
 -1.3685778e-03 -9.5649937e-04  5.4374884e-04 -2.1888019e-04
  1.2792359e-03  2.9915286e-04  1.1383464e-03 -3.1794378e-05
  1.2065067e-03 -1.4678441e-03 -2.6783859e-04  1.4523490e-03
 -7.0316956e-04  1.6422340e-03 -1.4041725e-03  1.4393122e-04
 -2.7446753e-05 -1.4986382e-04 -2.6135994e-04  1.4072263e-03
 -1.2610735e-03  8.4987005e-06  3.0437831e-04 -9.3731337e-04
 -8.1925729e-04 -1.1987960e-03  3.4242909e-04  4.3732338e-04
  6.9736299e-04  1.1393892e-06  3.2900396e-04 -1.2340702e-03
  1.7022769e-04 -6.6056215e-05 -4.8726972e-04 -5.6533603e-04
  1.0374672e-03 -5.1601208e-04  1.3106469e-03  1.1262009e-03
 -9.2869479e-04 -1.0736987e-03  1.1635714e-03  8.7173597e-04
 -7.4920076e-04 -1.3103264e-03 -1.3618082e-03  1.0030133e-03
 -7.5201335e-04  7.9727144e-04  1.5710484e-03 -2.0459211e-04
 -5.5902969e-04 -7.6276035e-04  2.1908402e-04  6.6224503e-04
  1.4880303e-03  7.8379712e-04 -9.3771267e-04  9.9159696e-04
  2.6705919e-04 -9.9928433e-04 -1.1197730e-03  1.2974332e-03
 -2.9347790e-04 -1.2806600e-03 -6.2241347e-04 -6.1815669e-04
 -1.4068148e-03 -2.3831113e-04 -1.4613705e-03 -1.0084336e-03
 -1.2463201e-03  9.7742258e-04 -4.6358336e-04 -7.3504774e-04
 -1.3927517e-03 -4.4203553e-04 -2.5903567e-04 -1.0751650e-03
 -8.2438652e-05 -7.3780183e-04  9.1231312e-04 -1.1168475e-03
 -1.2658215e-03  1.6140053e-03 -1.2000109e-03 -1.6119168e-03
  7.1399298e-04  3.3353065e-04 -8.1524655e-04 -1.3318164e-03
 -1.4732688e-03  1.1966199e-03  5.2493252e-04  6.4454362e-04
 -1.0884842e-03  9.4442413e-04 -4.5129305e-04 -2.3051709e-04
  7.0993026e-04 -1.0939677e-03  7.4410706e-04 -8.2084764e-04
  7.2347565e-04  1.0079461e-03 -1.4362087e-03 -1.5474783e-03
 -9.9171954e-04  3.3926251e-04  9.7325863e-04 -1.2289534e-03
 -7.8384863e-04  1.3929521e-03  1.6520033e-03 -8.0045732e-04
  5.5964646e-04  1.1516096e-03 -1.4288684e-03 -1.5213536e-03
  1.6495333e-03  1.1090019e-03  1.4535761e-03 -7.4443524e-04
 -1.5460916e-03 -1.6365285e-03  1.1390606e-03  9.0067298e-04
 -1.4788053e-03  1.9904033e-04  4.9557368e-04  1.9487871e-04
 -1.1864426e-04 -4.1854254e-04 -7.9174415e-04  5.6020962e-04
  6.4138073e-04 -1.0758763e-03 -6.7688117e-04  1.8350373e-04
  2.7824962e-04  7.4834959e-04 -3.9484160e-04  6.5044049e-05
  1.5526001e-03  8.8471592e-05  5.9620687e-04  6.8023626e-04
 -8.4530481e-04  1.7751899e-04 -1.3734784e-03 -1.1423092e-03
 -1.3194107e-03  8.8456500e-04 -8.9248014e-04 -1.3030866e-03
 -1.3737202e-03  1.5902526e-03  9.5415208e-04 -6.1199354e-04
 -5.1574357e-04 -1.5492220e-03  1.5828792e-03  1.1067434e-03
  5.4712576e-04 -1.7661137e-04  7.2324061e-04  7.9842721e-04
 -1.3664077e-03 -2.3779202e-04 -1.9098817e-04 -1.9500781e-06
  6.9469452e-04 -3.0850663e-04  6.0037966e-04  1.2002607e-03
  1.6567579e-03  1.3042274e-03  7.2788907e-04  1.3655581e-04
 -6.2511017e-04 -7.9950760e-04  9.2472072e-04 -4.1079405e-04
  9.2611226e-05  1.0478182e-03 -1.6178210e-05 -8.4705756e-04
  1.4505144e-03 -1.3795763e-04  1.4258776e-03 -1.8263633e-04
 -4.1196505e-05  8.8163884e-04 -5.6564435e-04 -7.7167514e-04
 -4.8212011e-04 -1.4639227e-03 -1.6276657e-05  1.6379580e-03
  4.2829302e-04  1.5267311e-03  1.4412351e-03 -5.7077711e-04
  1.0256406e-03  9.4953913e-04  1.5376636e-03  4.5890405e-04
  1.6026301e-04  6.9321890e-04 -5.8836717e-04  3.0637908e-04
  2.4355351e-04  9.8950557e-05 -7.3817122e-04  6.9415278e-04
 -1.1869171e-03  3.8814623e-04 -1.0997884e-03 -1.6004692e-03
  1.5242514e-03  1.5643261e-04  4.5668613e-04  2.6619124e-05
  1.1270255e-03  1.6201292e-03  9.1626582e-04 -1.4837144e-03
  1.0742589e-03 -1.6060598e-03 -2.1992670e-04  3.1800862e-04
 -6.1202311e-04  9.4052106e-05  9.0386474e-04  7.4351387e-04
  1.4800719e-03  1.3909860e-03  4.6221114e-04  1.2266129e-03
  1.2342136e-04 -1.5896029e-03  1.6408670e-03 -3.8143995e-04
 -1.0917893e-04 -6.1120559e-04  1.1538515e-03 -7.2050263e-04
  1.0170642e-03  9.7528659e-04  1.0452786e-03  4.9526640e-04
  5.6702964e-04 -4.8814711e-04 -5.1237043e-04  3.3658481e-04
  1.3096241e-03 -1.0931829e-03 -1.0510233e-03  1.1611397e-03
 -9.8546431e-04 -1.5007555e-03  8.8414253e-04 -1.6232767e-03]
INFO:root:Infer vector test ended: time.struct_time(tm_year=2020, tm_mon=4, tm_mday=29, tm_hour=17, tm_min=15, tm_sec=27, tm_wday=2, tm_yday=120, tm_isdst=1)
INFO:root:('Infer vector test', ' executed for 00:03:38.46')
INFO:root:('Infer vector val: ', time.struct_time(tm_year=2020, tm_mon=4, tm_mday=29, tm_hour=16, tm_min=40, tm_sec=34, tm_wday=2, tm_yday=120, tm_isdst=1))
INFO:root:val_vector size: 37566
INFO:root:val_vector[6768] feature size: 300
INFO:root:[ 4.65282355e-04 -8.91498348e-04 -1.34984241e-03 -2.67692521e-04
  1.41344231e-03  2.71558994e-04  4.95210232e-04  5.16804517e-04
 -1.38920639e-03  1.62933511e-03  1.25100487e-03 -1.41017648e-04
 -1.34485727e-03  7.63588410e-04 -1.57821435e-03 -3.03415844e-04
 -1.23979081e-03 -7.66620215e-04 -1.08855509e-03 -1.42332970e-03
  4.20331489e-04  1.35181495e-03  3.77093420e-05  1.23287342e-03
  1.25993858e-03 -2.70010525e-04  1.27278012e-03  1.09755236e-03
 -1.39978726e-03 -1.81533585e-04 -2.93463789e-04  1.07099907e-03
  1.92304324e-05  3.79438337e-04  1.08349323e-03 -8.89221381e-04
 -1.77225331e-04 -8.83537927e-04  5.65960712e-04  1.44897110e-03
  1.61914260e-03 -6.97015319e-04  5.58815431e-04  9.43062711e-04
  9.52200382e-04  4.17478179e-04 -8.20255373e-04 -1.91969724e-04
  1.43733923e-03 -6.43390696e-04  1.42316171e-03 -3.03938607e-04
 -8.10053956e-04 -1.01566012e-03  7.22514756e-04  6.68579072e-04
 -4.55023343e-04  1.14702911e-03 -4.29032916e-05 -7.85830343e-05
  7.40080024e-04  3.97777418e-04  8.00700975e-04 -2.97808234e-04
  2.28569734e-05  1.50381995e-03  2.31168073e-04  1.28251768e-03
  3.77679680e-05 -4.83923242e-04 -9.03348613e-04 -1.15829101e-03
 -7.00723380e-04  5.40766865e-04 -6.27557747e-04  2.69386190e-04
  4.23899182e-04  1.05421979e-03 -9.99775599e-04  1.19494181e-03
 -7.65049073e-04 -9.96700721e-04 -7.80589238e-04  5.52135345e-04
  3.93643015e-04 -1.24397862e-04  7.10894301e-06 -6.79264544e-04
 -7.32362212e-04 -6.92584668e-04 -1.51285657e-03 -3.14641191e-04
  7.50695006e-04 -1.05497020e-03 -2.86101626e-04  2.89762043e-04
  2.72242149e-04 -1.27274822e-03 -4.19613119e-04 -6.08859700e-04
  4.23955149e-04 -8.81237502e-04 -1.18910673e-03  1.02136692e-03
  4.36590839e-04 -7.30585656e-04  1.14605040e-03 -4.43383527e-04
  6.35145116e-05 -5.98029983e-05  4.91441402e-04  1.17427774e-03
  1.34836766e-03  1.00185840e-04 -1.40548998e-03 -1.54432014e-03
  1.61725283e-03  5.82820794e-04  7.10517634e-04  1.49009470e-03
  9.46819084e-04 -4.49913437e-04 -7.23194447e-04 -1.48271339e-03
 -3.80391226e-04  2.36092281e-04  1.28383352e-03 -1.36296242e-03
 -5.19165478e-04 -1.45959761e-03  1.59415964e-03 -1.26593688e-03
 -5.60511486e-04 -1.50987739e-03 -1.01415010e-03 -4.19669494e-04
 -1.19484728e-03 -1.49295642e-03 -1.01015170e-03 -4.43648838e-04
 -1.65158196e-03  1.33836875e-05  4.10048931e-04 -1.26046606e-03
  1.61687029e-03  3.49209295e-04  1.06928952e-03 -6.10851974e-04
  6.37732097e-04  1.28014351e-03 -7.97912071e-04  4.22972924e-04
 -1.25402724e-03 -1.19360420e-03  9.95397219e-04  7.66823418e-04
  1.62796001e-03  2.16415341e-04 -8.10243422e-04  3.19030543e-04
 -1.10341166e-03 -5.15607186e-04  2.37878030e-05  1.21455676e-04
 -3.86639062e-04  7.39822688e-04  8.40675086e-04 -1.45428954e-03
  7.26449070e-04  1.07132939e-04 -1.47548679e-03 -1.43237447e-03
 -1.35472580e-03  1.13170606e-03 -5.75637736e-04  4.77946218e-04
  1.05035119e-03  1.06946391e-03 -1.39715034e-04 -1.36161654e-03
  1.42682763e-03  1.37933274e-03  8.09625490e-04  1.92723281e-04
 -6.26305526e-04  6.87117397e-04  1.17825554e-03 -1.46186631e-03
  5.89038209e-05  1.38780184e-03 -8.37681117e-04  1.02242222e-03
 -1.55075383e-03 -4.49514628e-04 -3.17707047e-04 -1.16256112e-03
  6.33674907e-04 -1.35450449e-03  7.98394787e-04  1.37037190e-03
 -1.39192643e-03  1.28156936e-03 -7.83982221e-04  9.32003371e-04
  7.07230123e-04  1.22857676e-03  1.30003283e-03 -5.73028985e-04
  1.32072135e-03 -2.33999483e-04  5.05115167e-05  1.11242768e-03
 -1.52244756e-03 -1.63727347e-03  1.23121333e-03 -9.98265808e-04
 -1.53403496e-03 -1.00195559e-03  2.85396061e-04 -1.16893032e-03
 -7.12036039e-04 -2.49559962e-04  1.66021881e-03 -8.33125901e-04
  6.27480113e-05  1.62563869e-03  1.15849543e-03  9.13109106e-05
 -7.32780609e-04 -8.07106320e-04  7.88396283e-04  9.99357784e-04
 -1.39152620e-03 -1.50530110e-03 -5.64903021e-04  1.54216925e-03
  1.32531184e-03  5.59414213e-04  1.28761225e-03  4.46349906e-04
  1.35915456e-04  1.54832297e-03  7.08746258e-04 -1.45396963e-03
  1.23431921e-04 -6.69080066e-04 -7.09986140e-04 -2.95806036e-04
 -1.25761656e-03  1.25604065e-03  9.28323425e-04  1.27810193e-03
 -1.26677961e-03 -6.82613056e-04  9.72032081e-04  3.58012388e-04
  2.95158621e-04  6.25636254e-04  8.79588246e-04 -1.52470486e-03
 -6.09883107e-04 -1.08069903e-03 -1.13290607e-03 -1.34262501e-03
 -1.19516195e-03 -5.53262595e-04 -1.22095330e-03 -6.88506931e-04
 -6.17467740e-04 -1.17294083e-03 -3.68139124e-04 -1.13914697e-03
  1.27931731e-03 -2.53667822e-05  6.14356133e-04 -4.69368213e-04
  8.38712906e-04  5.51806006e-04  7.40810123e-04  9.74289200e-04
  8.02209193e-04 -1.04161794e-03  1.40926521e-03 -1.59012480e-03
  1.63068506e-03  4.01078578e-04 -1.04894524e-03  6.29250659e-04
 -1.03177037e-03  1.10265927e-03 -4.08230226e-05  4.36840986e-04
 -1.45258289e-03  1.62125635e-03  9.21513638e-05 -1.07635639e-03
 -5.22619463e-04  5.08583966e-04  1.51687837e-03 -8.50416371e-04]
INFO:root:Infer vector val ended: time.struct_time(tm_year=2020, tm_mon=4, tm_mday=29, tm_hour=17, tm_min=19, tm_sec=7, tm_wday=2, tm_yday=120, tm_isdst=1)
INFO:root:('Infer vector val', ' executed for 00:03:38.31')
INFO:root:Data processor ended: time.struct_time(tm_year=2020, tm_mon=4, tm_mday=29, tm_hour=17, tm_min=19, tm_sec=8, tm_wday=2, tm_yday=120, tm_isdst=1)
INFO:root:('Data processor', ' executed for 00:38:35.65')
